<?xml version="1.0" encoding="UTF-8"?>
<robot generator="Robot 7.1.1 (Python 3.12.8 on darwin)" generated="2025-01-09T17:00:19.316384" rpa="false" schemaversion="5">
<suite id="s1" name="Tests" source="/Users/mustafa/PycharmProjects/PythonProject/PythonProject/PythonProject/TestWithRobot.com/tests">
<suite id="s1-s1" name="ErsterFall" source="/Users/mustafa/PycharmProjects/PythonProject/PythonProject/PythonProject/TestWithRobot.com/tests/ErsterFall.robot">
<test id="s1-s1-t1" name="Test Open Browser" line="5">
<kw name="Open Browser" owner="SeleniumLibrary">
<msg time="2025-01-09T17:00:19.454840" level="INFO">Opening browser 'firefox' to base url 'https://www.google.com'.</msg>
<arg>https://www.google.com</arg>
<arg>firefox</arg>
<doc>Opens a new browser instance to the optional ``url``.</doc>
<status status="PASS" start="2025-01-09T17:00:19.454677" elapsed="3.774990"/>
</kw>
<kw name="Sleep" owner="BuiltIn">
<msg time="2025-01-09T17:00:28.232159" level="INFO">Slept 5 seconds.</msg>
<arg>5 seconds</arg>
<doc>Pauses the test executed for the given time.</doc>
<status status="PASS" start="2025-01-09T17:00:23.230389" elapsed="5.002254"/>
</kw>
<kw name="Close Browser" owner="SeleniumLibrary">
<doc>Closes the current browser.</doc>
<status status="PASS" start="2025-01-09T17:00:28.233463" elapsed="0.670456"/>
</kw>
<status status="PASS" start="2025-01-09T17:00:19.453947" elapsed="9.450178"/>
</test>
<test id="s1-s1-t2" name="Suche" line="10">
<kw name="Open Browser" owner="SeleniumLibrary">
<msg time="2025-01-09T17:00:28.904786" level="INFO">Opening browser 'firefox' to base url 'https://www.yaho.com firefox'.</msg>
<msg time="2025-01-09T17:00:31.010783" level="INFO" html="true">&lt;/td&gt;&lt;/tr&gt;&lt;tr&gt;&lt;td colspan="3"&gt;&lt;a href="selenium-screenshot-4.png"&gt;&lt;img src="selenium-screenshot-4.png" width="800px"&gt;&lt;/a&gt;</msg>
<msg time="2025-01-09T17:00:31.011058" level="FAIL">InvalidArgumentException: Message: Malformed URL: URL constructor: https://www.yaho.com firefox is not a valid URL.
Stacktrace:
RemoteError@chrome://remote/content/shared/RemoteError.sys.mjs:8:8
WebDriverError@chrome://remote/content/shared/webdriver/Errors.sys.mjs:193:5
InvalidArgumentError@chrome://remote/content/shared/webdriver/Errors.sys.mjs:384:5
GeckoDriver.prototype.navigateTo@chrome://remote/content/marionette/driver.sys.mjs:1054:11
</msg>
<arg>https://www.yaho.com firefox</arg>
<doc>Opens a new browser instance to the optional ``url``.</doc>
<status status="FAIL" start="2025-01-09T17:00:28.904613" elapsed="2.109758">InvalidArgumentException: Message: Malformed URL: URL constructor: https://www.yaho.com firefox is not a valid URL.
Stacktrace:
RemoteError@chrome://remote/content/shared/RemoteError.sys.mjs:8:8
WebDriverError@chrome://remote/content/shared/webdriver/Errors.sys.mjs:193:5
InvalidArgumentError@chrome://remote/content/shared/webdriver/Errors.sys.mjs:384:5
GeckoDriver.prototype.navigateTo@chrome://remote/content/marionette/driver.sys.mjs:1054:11
</status>
</kw>
<kw name="Sleep" owner="BuiltIn">
<arg>5s</arg>
<doc>Pauses the test executed for the given time.</doc>
<status status="NOT RUN" start="2025-01-09T17:00:31.014711" elapsed="0.000092"/>
</kw>
<kw name="Click">
<arg>Element xpath=//button[@name='agree']</arg>
<status status="NOT RUN" start="2025-01-09T17:00:31.015009" elapsed="0.000030"/>
</kw>
<kw name="Input">
<arg>text</arg>
<arg>id=ybar-sbq</arg>
<arg>fussball</arg>
<status status="NOT RUN" start="2025-01-09T17:00:31.015156" elapsed="0.000019"/>
</kw>
<status status="FAIL" start="2025-01-09T17:00:28.904339" elapsed="2.111032">InvalidArgumentException: Message: Malformed URL: URL constructor: https://www.yaho.com firefox is not a valid URL.
Stacktrace:
RemoteError@chrome://remote/content/shared/RemoteError.sys.mjs:8:8
WebDriverError@chrome://remote/content/shared/webdriver/Errors.sys.mjs:193:5
InvalidArgumentError@chrome://remote/content/shared/webdriver/Errors.sys.mjs:384:5
GeckoDriver.prototype.navigateTo@chrome://remote/content/marionette/driver.sys.mjs:1054:11
</status>
</test>
<status status="FAIL" start="2025-01-09T17:00:19.339724" elapsed="11.676092"/>
</suite>
<status status="FAIL" start="2025-01-09T17:00:19.317335" elapsed="11.698857"/>
</suite>
<statistics>
<total>
<stat pass="1" fail="1" skip="0">All Tests</stat>
</total>
<tag>
</tag>
<suite>
<stat pass="1" fail="1" skip="0" id="s1" name="Tests">Tests</stat>
<stat pass="1" fail="1" skip="0" id="s1-s1" name="ErsterFall">Tests.ErsterFall</stat>
</suite>
</statistics>
<errors>
</errors>
</robot>
